[0m09:29:25.397106 [debug] [MainThread]: Sending event: {'category': 'dbt', 'action': 'invocation', 'label': 'start', 'context': [<snowplow_tracker.self_describing_json.SelfDescribingJson object at 0x00000230E4803F10>, <snowplow_tracker.self_describing_json.SelfDescribingJson object at 0x00000230E6F55630>, <snowplow_tracker.self_describing_json.SelfDescribingJson object at 0x00000230E6F553F0>]}


============================== 09:29:25.412631 | 09ad93a4-36d7-4c23-a139-c8abbc2d89f4 ==============================
[0m09:29:25.412631 [info ] [MainThread]: Running with dbt=1.5.9
[0m09:29:25.415624 [debug] [MainThread]: running dbt with arguments {'printer_width': '80', 'indirect_selection': 'eager', 'write_json': 'True', 'log_cache_events': 'False', 'partial_parse': 'True', 'cache_selected_only': 'False', 'profiles_dir': 'C:\\Users\\pavel\\.dbt', 'fail_fast': 'False', 'warn_error': 'None', 'log_path': 'logs', 'version_check': 'True', 'debug': 'False', 'use_colors': 'True', 'use_experimental_parser': 'False', 'no_print': 'None', 'quiet': 'False', 'warn_error_options': 'WarnErrorOptions(include=[], exclude=[])', 'introspect': 'True', 'log_format': 'default', 'static_parser': 'True', 'target_path': 'None', 'send_anonymous_usage_stats': 'True'}
[0m09:29:25.425634 [debug] [MainThread]: Starter project path: C:\Users\pavel\Desktop\Spotify_Project\spot_venv\lib\site-packages\dbt\include\starter_project
[0m09:33:11.030901 [info ] [MainThread]: Profile dbtlearn written to C:\Users\pavel\.dbt\profiles.yml using target's profile_template.yml and your supplied values. Run 'dbt debug' to validate the connection.
[0m09:33:11.032894 [info ] [MainThread]: 
Your new dbt project "dbtlearn" was created!

For more information on how to configure the profiles.yml file,
please consult the dbt documentation here:

  https://docs.getdbt.com/docs/configure-your-profile

One more thing:

Need help? Don't hesitate to reach out to us via GitHub issues or on Slack:

  https://community.getdbt.com/

Happy modeling!

[0m09:33:11.039956 [debug] [MainThread]: Command `dbt init` succeeded at 09:33:11.039956 after 225.72 seconds
[0m09:33:11.040953 [debug] [MainThread]: Sending event: {'category': 'dbt', 'action': 'invocation', 'label': 'end', 'context': [<snowplow_tracker.self_describing_json.SelfDescribingJson object at 0x00000230E4803F10>, <snowplow_tracker.self_describing_json.SelfDescribingJson object at 0x00000230E0948820>, <snowplow_tracker.self_describing_json.SelfDescribingJson object at 0x00000230E4B09090>]}
[0m09:33:11.042948 [debug] [MainThread]: Flushing usage events
[0m09:36:20.618253 [debug] [MainThread]: Sending event: {'category': 'dbt', 'action': 'invocation', 'label': 'start', 'context': [<snowplow_tracker.self_describing_json.SelfDescribingJson object at 0x0000019567EE3F40>, <snowplow_tracker.self_describing_json.SelfDescribingJson object at 0x000001956A639B10>, <snowplow_tracker.self_describing_json.SelfDescribingJson object at 0x000001956A639960>]}


============================== 09:36:20.629265 | 08fa3dd9-5493-45bf-8e8b-c7b0391b8d4e ==============================
[0m09:36:20.629265 [info ] [MainThread]: Running with dbt=1.5.9
[0m09:36:20.631259 [debug] [MainThread]: running dbt with arguments {'printer_width': '80', 'indirect_selection': 'eager', 'log_cache_events': 'False', 'write_json': 'True', 'partial_parse': 'True', 'cache_selected_only': 'False', 'profiles_dir': 'C:\\Users\\pavel\\.dbt', 'debug': 'False', 'fail_fast': 'False', 'log_path': 'logs', 'version_check': 'True', 'warn_error': 'None', 'use_colors': 'True', 'use_experimental_parser': 'False', 'no_print': 'None', 'quiet': 'False', 'warn_error_options': 'WarnErrorOptions(include=[], exclude=[])', 'introspect': 'True', 'static_parser': 'True', 'log_format': 'default', 'target_path': 'None', 'send_anonymous_usage_stats': 'True'}
[0m09:36:20.634761 [info ] [MainThread]: dbt version: 1.5.9
[0m09:36:20.642276 [info ] [MainThread]: python version: 3.10.11
[0m09:36:20.643273 [info ] [MainThread]: python path: C:\Users\pavel\Desktop\Spotify_Project\spot_venv\Scripts\python.exe
[0m09:36:20.645174 [info ] [MainThread]: os info: Windows-10-10.0.22621-SP0
[0m09:36:20.647198 [info ] [MainThread]: Using profiles.yml file at C:\Users\pavel\.dbt\profiles.yml
[0m09:36:20.651186 [info ] [MainThread]: Using dbt_project.yml file at C:\Users\pavel\Desktop\Spotify_Project\spot_venv\Scripts\dbt_project.yml
[0m09:36:20.653181 [info ] [MainThread]: Configuration:
[0m09:36:23.485634 [info ] [MainThread]:   profiles.yml file [[32mOK found and valid[0m]
[0m09:36:23.487649 [info ] [MainThread]:   dbt_project.yml file [[31mERROR not found[0m]
[0m09:36:23.489646 [info ] [MainThread]: Required dependencies:
[0m09:36:23.490641 [debug] [MainThread]: Executing "git --help"
[0m09:36:23.632188 [debug] [MainThread]: STDOUT: "b"usage: git [-v | --version] [-h | --help] [-C <path>] [-c <name>=<value>]\n           [--exec-path[=<path>]] [--html-path] [--man-path] [--info-path]\n           [-p | --paginate | -P | --no-pager] [--no-replace-objects] [--bare]\n           [--git-dir=<path>] [--work-tree=<path>] [--namespace=<name>]\n           [--config-env=<name>=<envvar>] <command> [<args>]\n\nThese are common Git commands used in various situations:\n\nstart a working area (see also: git help tutorial)\n   clone     Clone a repository into a new directory\n   init      Create an empty Git repository or reinitialize an existing one\n\nwork on the current change (see also: git help everyday)\n   add       Add file contents to the index\n   mv        Move or rename a file, a directory, or a symlink\n   restore   Restore working tree files\n   rm        Remove files from the working tree and from the index\n\nexamine the history and state (see also: git help revisions)\n   bisect    Use binary search to find the commit that introduced a bug\n   diff      Show changes between commits, commit and working tree, etc\n   grep      Print lines matching a pattern\n   log       Show commit logs\n   show      Show various types of objects\n   status    Show the working tree status\n\ngrow, mark and tweak your common history\n   branch    List, create, or delete branches\n   commit    Record changes to the repository\n   merge     Join two or more development histories together\n   rebase    Reapply commits on top of another base tip\n   reset     Reset current HEAD to the specified state\n   switch    Switch branches\n   tag       Create, list, delete or verify a tag object signed with GPG\n\ncollaborate (see also: git help workflows)\n   fetch     Download objects and refs from another repository\n   pull      Fetch from and integrate with another repository or a local branch\n   push      Update remote refs along with associated objects\n\n'git help -a' and 'git help -g' list available subcommands and some\nconcept guides. See 'git help <command>' or 'git help <concept>'\nto read about a specific subcommand or concept.\nSee 'git help git' for an overview of the system.\n""
[0m09:36:23.633185 [debug] [MainThread]: STDERR: "b''"
[0m09:36:23.636235 [info ] [MainThread]:  - git [[32mOK found[0m]

[0m09:36:23.637239 [info ] [MainThread]: Connection:
[0m09:36:23.639233 [info ] [MainThread]:   account: nmkwolx-nk95043
[0m09:36:23.641228 [info ] [MainThread]:   user: dbt
[0m09:36:23.643222 [info ] [MainThread]:   database: SPOTIFY_DATA
[0m09:36:23.645253 [info ] [MainThread]:   schema: DEV
[0m09:36:23.649269 [info ] [MainThread]:   warehouse: COMPUTE_WH
[0m09:36:23.651264 [info ] [MainThread]:   role: transform
[0m09:36:23.653259 [info ] [MainThread]:   client_session_keep_alive: False
[0m09:36:23.655306 [info ] [MainThread]:   query_tag: None
[0m09:36:23.661321 [info ] [MainThread]: Registered adapter: snowflake=1.5.0
[0m09:36:23.669358 [debug] [MainThread]: Acquiring new snowflake connection 'debug'
[0m09:36:23.673344 [debug] [MainThread]: Using snowflake connection "debug"
[0m09:36:23.675362 [debug] [MainThread]: On debug: select 1 as id
[0m09:36:23.676385 [debug] [MainThread]: Opening a new connection, currently in state init
[0m09:36:42.518886 [debug] [MainThread]: Snowflake adapter: Error running SQL: select 1 as id
[0m09:36:42.519884 [debug] [MainThread]: Snowflake adapter: Rolling back transaction.
[0m09:36:42.521879 [debug] [MainThread]: On debug: No close available on handle
[0m09:36:42.522884 [info ] [MainThread]:   Connection test: [[31mERROR[0m]

[0m09:36:42.536423 [info ] [MainThread]: [31m2 checks failed:[0m
[0m09:36:42.538424 [info ] [MainThread]: Could not load dbt_project.yml

[0m09:36:42.540527 [info ] [MainThread]: dbt was unable to connect to the specified database.
The database returned the following error:

  >Database Error
  250001 (08001): Failed to connect to DB: nmkwolx-nk95043.snowflakecomputing.com:443. Incorrect username or password was specified.

Check your database credentials and try again. For more information, visit:
https://docs.getdbt.com/docs/configure-your-profile


[0m09:36:42.544919 [debug] [MainThread]: Command `dbt debug` failed at 09:36:42.543411 after 22.01 seconds
[0m09:36:42.547483 [debug] [MainThread]: Connection 'debug' was properly closed.
[0m09:36:42.550474 [debug] [MainThread]: Sending event: {'category': 'dbt', 'action': 'invocation', 'label': 'end', 'context': [<snowplow_tracker.self_describing_json.SelfDescribingJson object at 0x0000019567EE3F40>, <snowplow_tracker.self_describing_json.SelfDescribingJson object at 0x000001956EFD33A0>, <snowplow_tracker.self_describing_json.SelfDescribingJson object at 0x000001956EFD2890>]}
[0m09:36:42.552469 [debug] [MainThread]: Flushing usage events
